-------------------------------------------------------------------------------
Test set: org.apache.log4j.CategoryTest
-------------------------------------------------------------------------------
Tests run: 5, Failures: 0, Errors: 0, Skipped: 0, Time elapsed: 0.159 sec
testForcedLog(org.apache.log4j.CategoryTest)  Time elapsed: 0.123 sec
testGetChainedPriorityReturnType(org.apache.log4j.CategoryTest)  Time elapsed: 0.001 sec
testL7dlog(org.apache.log4j.CategoryTest)  Time elapsed: 0.009 sec
testL7dlog4Param(org.apache.log4j.CategoryTest)  Time elapsed: 0.001 sec
testSetPriority(org.apache.log4j.CategoryTest)  Time elapsed: 0 sec
