-------------------------------------------------------------------------------
Test set: org.apache.log4j.xml.CustomLevelTestCase
-------------------------------------------------------------------------------
Tests run: 4, Failures: 0, Errors: 0, Skipped: 0, Time elapsed: 0.33 sec
test1(org.apache.log4j.xml.CustomLevelTestCase)  Time elapsed: 0.189 sec
test2(org.apache.log4j.xml.CustomLevelTestCase)  Time elapsed: 0.027 sec
test3(org.apache.log4j.xml.CustomLevelTestCase)  Time elapsed: 0.038 sec
test4(org.apache.log4j.xml.CustomLevelTestCase)  Time elapsed: 0.048 sec
