<?xml version="1.0" encoding="UTF-8" ?>
<testsuite failures="0" time="0.093" errors="0" skipped="0" tests="24" name="org.apache.log4j.LevelTest">
  <properties>
[...]
</properties>
  <testcase time="0.007" classname="org.apache.log4j.LevelTest" name="testERROR"/>
  <testcase time="0" classname="org.apache.log4j.LevelTest" name="testWARN"/>
  <testcase time="0" classname="org.apache.log4j.LevelTest" name="testINFO"/>
  <testcase time="0" classname="org.apache.log4j.LevelTest" name="testDEBUG"/>
  <testcase time="0.002" classname="org.apache.log4j.LevelTest" name="testDotlessLowerI"/>
  <testcase time="0.002" classname="org.apache.log4j.LevelTest" name="testDottedLowerI"/>
  <testcase time="0.016" classname="org.apache.log4j.LevelTest" name="testSerializeINFO"/>
  <testcase time="0.002" classname="org.apache.log4j.LevelTest" name="testDeserializeINFO"/>
  <testcase time="0.005" classname="org.apache.log4j.LevelTest" name="testCustomLevelSerialization"/>
  <testcase time="0" classname="org.apache.log4j.LevelTest" name="testTraceInt"/>
  <testcase time="0" classname="org.apache.log4j.LevelTest" name="testTrace"/>
  <testcase time="0.003" classname="org.apache.log4j.LevelTest" name="testIntToTrace"/>
  <testcase time="0" classname="org.apache.log4j.LevelTest" name="testStringToTrace"/>
  <testcase time="0" classname="org.apache.log4j.LevelTest" name="testLevelExtendsPriority"/>
  <testcase time="0" classname="org.apache.log4j.LevelTest" name="testOFF"/>
  <testcase time="0" classname="org.apache.log4j.LevelTest" name="testFATAL"/>
  <testcase time="0" classname="org.apache.log4j.LevelTest" name="testTRACE"/>
  <testcase time="0" classname="org.apache.log4j.LevelTest" name="testALL"/>
  <testcase time="0" classname="org.apache.log4j.LevelTest" name="testSerialVersionUID"/>
  <testcase time="0" classname="org.apache.log4j.LevelTest" name="testIntToAll"/>
  <testcase time="0.001" classname="org.apache.log4j.LevelTest" name="testIntToFatal"/>
  <testcase time="0" classname="org.apache.log4j.LevelTest" name="testIntToOff"/>
  <testcase time="0" classname="org.apache.log4j.LevelTest" name="testToLevelUnrecognizedInt"/>
  <testcase time="0" classname="org.apache.log4j.LevelTest" name="testToLevelNull"/>
</testsuite>