<?xml version="1.0" encoding="UTF-8" ?>
<testsuite failures="0" time="0.064" errors="0" skipped="0" tests="5" name="org.apache.log4j.LogManagerTest">
  <properties>
[...]
</properties>
  <testcase time="0.007" classname="org.apache.log4j.LogManagerTest" name="testDefaultConfigurationFile"/>
  <testcase time="0" classname="org.apache.log4j.LogManagerTest" name="testDefaultXmlConfigurationFile"/>
  <testcase time="0" classname="org.apache.log4j.LogManagerTest" name="testDefaultConfigurationKey"/>
  <testcase time="0" classname="org.apache.log4j.LogManagerTest" name="testConfiguratorClassKey"/>
  <testcase time="0" classname="org.apache.log4j.LogManagerTest" name="testDefaultInitOverrideKey"/>
</testsuite>