<?xml version="1.0" encoding="UTF-8" ?>
<testsuite failures="0" time="1.305" errors="0" skipped="0" tests="10" name="org.apache.log4j.xml.DOMTestCase">
  <properties>
[...]
</properties>
  <testcase time="0.561" classname="org.apache.log4j.xml.DOMTestCase" name="test1"/>
  <testcase time="0.312" classname="org.apache.log4j.xml.DOMTestCase" name="test4"/>
  <testcase time="0.069" classname="org.apache.log4j.xml.DOMTestCase" name="testCategoryFactory1"/>
  <testcase time="0.046" classname="org.apache.log4j.xml.DOMTestCase" name="testCategoryFactory2"/>
  <testcase time="0.026" classname="org.apache.log4j.xml.DOMTestCase" name="testLoggerFactory1"/>
  <testcase time="0.047" classname="org.apache.log4j.xml.DOMTestCase" name="testReset"/>
  <testcase time="0.051" classname="org.apache.log4j.xml.DOMTestCase" name="testConfigureAndWatch"/>
  <testcase time="0.045" classname="org.apache.log4j.xml.DOMTestCase" name="testOverrideSubst"/>
  <testcase time="0.04" classname="org.apache.log4j.xml.DOMTestCase" name="testThrowableRenderer1"/>
  <testcase time="0.029" classname="org.apache.log4j.xml.DOMTestCase" name="testJarURL"/>
</testsuite>