<?xml version="1.0" encoding="UTF-8" ?>
<testsuite failures="0" time="0.219" errors="0" skipped="0" tests="8" name="org.apache.log4j.PropertyConfiguratorTest">
  <properties>
[...]
</properties>
  <testcase time="0.038" classname="org.apache.log4j.PropertyConfiguratorTest" name="testReset"/>
  <testcase time="0.014" classname="org.apache.log4j.PropertyConfiguratorTest" name="testJarURL"/>
  <testcase time="0.007" classname="org.apache.log4j.PropertyConfiguratorTest" name="testBadUnicodeEscape"/>
  <testcase time="0.001" classname="org.apache.log4j.PropertyConfiguratorTest" name="testURL"/>
  <testcase time="0.014" classname="org.apache.log4j.PropertyConfiguratorTest" name="testURLBadEscape"/>
  <testcase time="0.107" classname="org.apache.log4j.PropertyConfiguratorTest" name="testInputStream"/>
  <testcase time="0.001" classname="org.apache.log4j.PropertyConfiguratorTest" name="testNested"/>
  <testcase time="0.003" classname="org.apache.log4j.PropertyConfiguratorTest" name="testThrowableRenderer"/>
</testsuite>